<?xml version="1.0" encoding="UTF-8"?>
<testng-results ignored="0" total="1" passed="1" failed="0" skipped="0">
  <reporter-output>
  </reporter-output>
  <suite started-at="2024-12-10T11:05:55 IST" name="Default suite" finished-at="2024-12-10T11:05:59 IST" duration-ms="4392">
    <groups>
    </groups>
    <test started-at="2024-12-10T11:05:55 IST" name="Default test" finished-at="2024-12-10T11:05:59 IST" duration-ms="4392">
      <class name="com.atomation.CheckBoxes">
        <test-method signature="check()[pri:0, instance:com.atomation.CheckBoxes@483f6d77]" started-at="2024-12-10T11:05:55 IST" name="check" finished-at="2024-12-10T11:05:59 IST" duration-ms="4332" status="PASS">
          <reporter-output>
          </reporter-output>
        </test-method> <!-- check -->
      </class> <!-- com.atomation.CheckBoxes -->
    </test> <!-- Default test -->
  </suite> <!-- Default suite -->
</testng-results>
